#! /usr/bin/vvp
:ivl_version "11.0 (stable)";
:ivl_delay_selection "TYPICAL";
:vpi_time_precision + 0;
:vpi_module "/usr/lib/x86_64-linux-gnu/ivl/system.vpi";
:vpi_module "/usr/lib/x86_64-linux-gnu/ivl/vhdl_sys.vpi";
:vpi_module "/usr/lib/x86_64-linux-gnu/ivl/vhdl_textio.vpi";
:vpi_module "/usr/lib/x86_64-linux-gnu/ivl/v2005_math.vpi";
:vpi_module "/usr/lib/x86_64-linux-gnu/ivl/va_math.vpi";
S_0x5574ce1164f0 .scope module, "tb_fetch" "tb_fetch" 2 1;
 .timescale 0 0;
v0x5574ce145250_0 .var "PC", 63 0;
v0x5574ce145330_0 .var "clk", 0 0;
v0x5574ce145400_0 .net "halt", 0 0, v0x5574ce144740_0;  1 drivers
v0x5574ce145500_0 .net "icode", 3 0, v0x5574ce1447e0_0;  1 drivers
v0x5574ce1455d0_0 .net "ifun", 3 0, v0x5574ce1448c0_0;  1 drivers
v0x5574ce145670_0 .net "imem_error", 0 0, v0x5574ce1449f0_0;  1 drivers
v0x5574ce145740_0 .net "instruction_valid", 0 0, v0x5574ce144c50_0;  1 drivers
v0x5574ce145810_0 .net "rA", 3 0, v0x5574ce144d10_0;  1 drivers
v0x5574ce1458e0_0 .net "rB", 3 0, v0x5574ce144df0_0;  1 drivers
v0x5574ce145a40_0 .net "valC", 63 0, v0x5574ce144ed0_0;  1 drivers
v0x5574ce145b10_0 .net "valP", 63 0, v0x5574ce144fb0_0;  1 drivers
S_0x5574ce116680 .scope begin, "$ivl_for_loop0" "$ivl_for_loop0" 2 24, 2 24 0, S_0x5574ce1164f0;
 .timescale 0 0;
v0x5574ce0bd7b0_0 .var/i "i", 31 0;
S_0x5574ce144400 .scope module, "tb_fetch" "fetch" 2 14, 3 1 0, S_0x5574ce1164f0;
 .timescale 0 0;
    .port_info 0 /INPUT 1 "clk";
    .port_info 1 /INPUT 64 "PC";
    .port_info 2 /OUTPUT 4 "icode";
    .port_info 3 /OUTPUT 4 "ifun";
    .port_info 4 /OUTPUT 4 "rA";
    .port_info 5 /OUTPUT 4 "rB";
    .port_info 6 /OUTPUT 64 "valC";
    .port_info 7 /OUTPUT 64 "valP";
    .port_info 8 /OUTPUT 1 "instruction_valid";
    .port_info 9 /OUTPUT 1 "imem_error";
    .port_info 10 /OUTPUT 1 "halt";
v0x5574ce0bdba0_0 .net "PC", 63 0, v0x5574ce145250_0;  1 drivers
v0x5574ce144680_0 .net "clk", 0 0, v0x5574ce145330_0;  1 drivers
v0x5574ce144740_0 .var "halt", 0 0;
v0x5574ce1447e0_0 .var "icode", 3 0;
v0x5574ce1448c0_0 .var "ifun", 3 0;
v0x5574ce1449f0_0 .var "imem_error", 0 0;
v0x5574ce144ab0_0 .var "instr", 0 79;
v0x5574ce144b90 .array "instruction_memory", 1023 0, 7 0;
v0x5574ce144c50_0 .var "instruction_valid", 0 0;
v0x5574ce144d10_0 .var "rA", 3 0;
v0x5574ce144df0_0 .var "rB", 3 0;
v0x5574ce144ed0_0 .var "valC", 63 0;
v0x5574ce144fb0_0 .var "valP", 63 0;
E_0x5574ce0f6500 .event posedge, v0x5574ce144680_0;
    .scope S_0x5574ce144400;
T_0 ;
    %wait E_0x5574ce0f6500;
    %ix/getv 4, v0x5574ce0bdba0_0;
    %load/vec4a v0x5574ce144b90, 4;
    %ix/load 4, 72, 0;
    %flag_set/imm 4, 0;
    %store/vec4 v0x5574ce144ab0_0, 4, 8;
    %load/vec4 v0x5574ce0bdba0_0;
    %pad/u 65;
    %addi 1, 0, 65;
    %ix/vec4 4;
    %load/vec4a v0x5574ce144b90, 4;
    %ix/load 4, 64, 0;
    %flag_set/imm 4, 0;
    %store/vec4 v0x5574ce144ab0_0, 4, 8;
    %load/vec4 v0x5574ce0bdba0_0;
    %pad/u 65;
    %addi 2, 0, 65;
    %ix/vec4 4;
    %load/vec4a v0x5574ce144b90, 4;
    %ix/load 4, 56, 0;
    %flag_set/imm 4, 0;
    %store/vec4 v0x5574ce144ab0_0, 4, 8;
    %load/vec4 v0x5574ce0bdba0_0;
    %pad/u 65;
    %addi 3, 0, 65;
    %ix/vec4 4;
    %load/vec4a v0x5574ce144b90, 4;
    %ix/load 4, 48, 0;
    %flag_set/imm 4, 0;
    %store/vec4 v0x5574ce144ab0_0, 4, 8;
    %load/vec4 v0x5574ce0bdba0_0;
    %pad/u 65;
    %addi 4, 0, 65;
    %ix/vec4 4;
    %load/vec4a v0x5574ce144b90, 4;
    %ix/load 4, 40, 0;
    %flag_set/imm 4, 0;
    %store/vec4 v0x5574ce144ab0_0, 4, 8;
    %load/vec4 v0x5574ce0bdba0_0;
    %pad/u 65;
    %addi 5, 0, 65;
    %ix/vec4 4;
    %load/vec4a v0x5574ce144b90, 4;
    %ix/load 4, 32, 0;
    %flag_set/imm 4, 0;
    %store/vec4 v0x5574ce144ab0_0, 4, 8;
    %load/vec4 v0x5574ce0bdba0_0;
    %pad/u 65;
    %addi 6, 0, 65;
    %ix/vec4 4;
    %load/vec4a v0x5574ce144b90, 4;
    %ix/load 4, 24, 0;
    %flag_set/imm 4, 0;
    %store/vec4 v0x5574ce144ab0_0, 4, 8;
    %load/vec4 v0x5574ce0bdba0_0;
    %pad/u 65;
    %addi 7, 0, 65;
    %ix/vec4 4;
    %load/vec4a v0x5574ce144b90, 4;
    %ix/load 4, 16, 0;
    %flag_set/imm 4, 0;
    %store/vec4 v0x5574ce144ab0_0, 4, 8;
    %load/vec4 v0x5574ce0bdba0_0;
    %pad/u 65;
    %addi 8, 0, 65;
    %ix/vec4 4;
    %load/vec4a v0x5574ce144b90, 4;
    %ix/load 4, 8, 0;
    %flag_set/imm 4, 0;
    %store/vec4 v0x5574ce144ab0_0, 4, 8;
    %load/vec4 v0x5574ce0bdba0_0;
    %pad/u 65;
    %addi 9, 0, 65;
    %ix/vec4 4;
    %load/vec4a v0x5574ce144b90, 4;
    %ix/load 4, 0, 0;
    %flag_set/imm 4, 0;
    %store/vec4 v0x5574ce144ab0_0, 4, 8;
    %pushi/vec4 0, 0, 1;
    %store/vec4 v0x5574ce1449f0_0, 0, 1;
    %load/vec4 v0x5574ce0bdba0_0;
    %cmpi/u 1023, 0, 64;
    %flag_or 5, 4; GT is !LE
    %flag_inv 5;
    %jmp/0xz  T_0.0, 5;
    %pushi/vec4 1, 0, 1;
    %store/vec4 v0x5574ce1449f0_0, 0, 1;
T_0.0 ;
    %load/vec4 v0x5574ce144ab0_0;
    %parti/s 4, 76, 8;
    %store/vec4 v0x5574ce1447e0_0, 0, 4;
    %load/vec4 v0x5574ce144ab0_0;
    %parti/s 4, 72, 8;
    %store/vec4 v0x5574ce1448c0_0, 0, 4;
    %pushi/vec4 0, 0, 1;
    %store/vec4 v0x5574ce144740_0, 0, 1;
    %load/vec4 v0x5574ce1447e0_0;
    %cmpi/e 0, 0, 4;
    %jmp/0xz  T_0.2, 4;
    %pushi/vec4 15, 0, 4;
    %store/vec4 v0x5574ce144d10_0, 0, 4;
    %pushi/vec4 15, 0, 4;
    %store/vec4 v0x5574ce144df0_0, 0, 4;
    %pushi/vec4 0, 0, 64;
    %store/vec4 v0x5574ce144ed0_0, 0, 64;
    %pushi/vec4 1, 0, 1;
    %store/vec4 v0x5574ce144c50_0, 0, 1;
    %load/vec4 v0x5574ce0bdba0_0;
    %addi 1, 0, 64;
    %store/vec4 v0x5574ce144fb0_0, 0, 64;
    %pushi/vec4 1, 0, 1;
    %store/vec4 v0x5574ce144740_0, 0, 1;
    %jmp T_0.3;
T_0.2 ;
    %load/vec4 v0x5574ce1447e0_0;
    %cmpi/e 1, 0, 4;
    %jmp/0xz  T_0.4, 4;
    %pushi/vec4 15, 0, 4;
    %store/vec4 v0x5574ce144d10_0, 0, 4;
    %pushi/vec4 15, 0, 4;
    %store/vec4 v0x5574ce144df0_0, 0, 4;
    %pushi/vec4 0, 0, 64;
    %store/vec4 v0x5574ce144ed0_0, 0, 64;
    %pushi/vec4 1, 0, 1;
    %store/vec4 v0x5574ce144c50_0, 0, 1;
    %load/vec4 v0x5574ce0bdba0_0;
    %addi 1, 0, 64;
    %store/vec4 v0x5574ce144fb0_0, 0, 64;
    %jmp T_0.5;
T_0.4 ;
    %load/vec4 v0x5574ce1447e0_0;
    %cmpi/e 2, 0, 4;
    %jmp/0xz  T_0.6, 4;
    %pushi/vec4 0, 0, 4;
    %load/vec4 v0x5574ce1448c0_0;
    %cmp/u;
    %flag_get/vec4 4;
    %flag_get/vec4 5;
    %or;
    %load/vec4 v0x5574ce1448c0_0;
    %cmpi/u 7, 0, 4;
    %flag_get/vec4 5;
    %and;
    %flag_set/vec4 8;
    %jmp/0xz  T_0.8, 8;
    %load/vec4 v0x5574ce144ab0_0;
    %parti/s 4, 68, 8;
    %store/vec4 v0x5574ce144d10_0, 0, 4;
    %load/vec4 v0x5574ce144ab0_0;
    %parti/s 4, 64, 8;
    %store/vec4 v0x5574ce144df0_0, 0, 4;
    %pushi/vec4 0, 0, 64;
    %store/vec4 v0x5574ce144ed0_0, 0, 64;
    %pushi/vec4 1, 0, 1;
    %store/vec4 v0x5574ce144c50_0, 0, 1;
    %load/vec4 v0x5574ce0bdba0_0;
    %addi 2, 0, 64;
    %store/vec4 v0x5574ce144fb0_0, 0, 64;
    %jmp T_0.9;
T_0.8 ;
    %pushi/vec4 0, 0, 1;
    %store/vec4 v0x5574ce144c50_0, 0, 1;
    %load/vec4 v0x5574ce0bdba0_0;
    %addi 2, 0, 64;
    %store/vec4 v0x5574ce144fb0_0, 0, 64;
T_0.9 ;
    %jmp T_0.7;
T_0.6 ;
    %load/vec4 v0x5574ce1447e0_0;
    %cmpi/e 3, 0, 4;
    %flag_mov 8, 4;
    %load/vec4 v0x5574ce1447e0_0;
    %cmpi/e 4, 0, 4;
    %flag_or 4, 8;
    %flag_mov 8, 4;
    %load/vec4 v0x5574ce1447e0_0;
    %cmpi/e 5, 0, 4;
    %flag_or 4, 8;
    %jmp/0xz  T_0.10, 4;
    %load/vec4 v0x5574ce144ab0_0;
    %parti/s 4, 68, 8;
    %store/vec4 v0x5574ce144d10_0, 0, 4;
    %load/vec4 v0x5574ce144ab0_0;
    %parti/s 4, 64, 8;
    %store/vec4 v0x5574ce144df0_0, 0, 4;
    %load/vec4 v0x5574ce144ab0_0;
    %parti/s 64, 0, 2;
    %store/vec4 v0x5574ce144ed0_0, 0, 64;
    %pushi/vec4 1, 0, 1;
    %store/vec4 v0x5574ce144c50_0, 0, 1;
    %load/vec4 v0x5574ce0bdba0_0;
    %addi 10, 0, 64;
    %store/vec4 v0x5574ce144fb0_0, 0, 64;
    %jmp T_0.11;
T_0.10 ;
    %load/vec4 v0x5574ce1447e0_0;
    %cmpi/e 6, 0, 4;
    %jmp/0xz  T_0.12, 4;
    %pushi/vec4 0, 0, 4;
    %load/vec4 v0x5574ce1448c0_0;
    %cmp/u;
    %flag_get/vec4 4;
    %flag_get/vec4 5;
    %or;
    %load/vec4 v0x5574ce1448c0_0;
    %cmpi/u 4, 0, 4;
    %flag_get/vec4 5;
    %and;
    %flag_set/vec4 8;
    %jmp/0xz  T_0.14, 8;
    %load/vec4 v0x5574ce144ab0_0;
    %parti/s 4, 68, 8;
    %store/vec4 v0x5574ce144d10_0, 0, 4;
    %load/vec4 v0x5574ce144ab0_0;
    %parti/s 4, 64, 8;
    %store/vec4 v0x5574ce144df0_0, 0, 4;
    %pushi/vec4 0, 0, 64;
    %store/vec4 v0x5574ce144ed0_0, 0, 64;
    %pushi/vec4 1, 0, 1;
    %store/vec4 v0x5574ce144c50_0, 0, 1;
    %load/vec4 v0x5574ce0bdba0_0;
    %addi 2, 0, 64;
    %store/vec4 v0x5574ce144fb0_0, 0, 64;
    %jmp T_0.15;
T_0.14 ;
    %pushi/vec4 0, 0, 1;
    %store/vec4 v0x5574ce144c50_0, 0, 1;
    %load/vec4 v0x5574ce0bdba0_0;
    %addi 2, 0, 64;
    %store/vec4 v0x5574ce144fb0_0, 0, 64;
T_0.15 ;
    %jmp T_0.13;
T_0.12 ;
    %load/vec4 v0x5574ce1447e0_0;
    %cmpi/e 7, 0, 4;
    %jmp/0xz  T_0.16, 4;
    %pushi/vec4 0, 0, 4;
    %load/vec4 v0x5574ce1448c0_0;
    %cmp/u;
    %flag_get/vec4 4;
    %flag_get/vec4 5;
    %or;
    %load/vec4 v0x5574ce1448c0_0;
    %cmpi/u 7, 0, 4;
    %flag_get/vec4 5;
    %and;
    %flag_set/vec4 8;
    %jmp/0xz  T_0.18, 8;
    %pushi/vec4 15, 0, 4;
    %store/vec4 v0x5574ce144d10_0, 0, 4;
    %pushi/vec4 15, 0, 4;
    %store/vec4 v0x5574ce144df0_0, 0, 4;
    %load/vec4 v0x5574ce144ab0_0;
    %parti/s 64, 0, 2;
    %store/vec4 v0x5574ce144ed0_0, 0, 64;
    %pushi/vec4 1, 0, 1;
    %store/vec4 v0x5574ce144c50_0, 0, 1;
    %load/vec4 v0x5574ce0bdba0_0;
    %addi 9, 0, 64;
    %store/vec4 v0x5574ce144fb0_0, 0, 64;
    %jmp T_0.19;
T_0.18 ;
    %pushi/vec4 1, 0, 1;
    %store/vec4 v0x5574ce144c50_0, 0, 1;
    %load/vec4 v0x5574ce0bdba0_0;
    %addi 9, 0, 64;
    %store/vec4 v0x5574ce144fb0_0, 0, 64;
T_0.19 ;
    %jmp T_0.17;
T_0.16 ;
    %load/vec4 v0x5574ce1447e0_0;
    %cmpi/e 8, 0, 4;
    %jmp/0xz  T_0.20, 4;
    %pushi/vec4 15, 0, 4;
    %store/vec4 v0x5574ce144d10_0, 0, 4;
    %pushi/vec4 15, 0, 4;
    %store/vec4 v0x5574ce144df0_0, 0, 4;
    %load/vec4 v0x5574ce144ab0_0;
    %parti/s 64, 0, 2;
    %store/vec4 v0x5574ce144ed0_0, 0, 64;
    %pushi/vec4 1, 0, 1;
    %store/vec4 v0x5574ce144c50_0, 0, 1;
    %load/vec4 v0x5574ce0bdba0_0;
    %addi 9, 0, 64;
    %store/vec4 v0x5574ce144fb0_0, 0, 64;
    %jmp T_0.21;
T_0.20 ;
    %load/vec4 v0x5574ce1447e0_0;
    %cmpi/e 9, 0, 4;
    %jmp/0xz  T_0.22, 4;
    %pushi/vec4 15, 0, 4;
    %store/vec4 v0x5574ce144d10_0, 0, 4;
    %pushi/vec4 15, 0, 4;
    %store/vec4 v0x5574ce144df0_0, 0, 4;
    %pushi/vec4 0, 0, 64;
    %store/vec4 v0x5574ce144ed0_0, 0, 64;
    %pushi/vec4 1, 0, 1;
    %store/vec4 v0x5574ce144c50_0, 0, 1;
    %load/vec4 v0x5574ce0bdba0_0;
    %addi 1, 0, 64;
    %store/vec4 v0x5574ce144fb0_0, 0, 64;
    %jmp T_0.23;
T_0.22 ;
    %load/vec4 v0x5574ce1447e0_0;
    %cmpi/e 10, 0, 4;
    %flag_mov 8, 4;
    %load/vec4 v0x5574ce1447e0_0;
    %cmpi/e 11, 0, 4;
    %flag_or 4, 8;
    %jmp/0xz  T_0.24, 4;
    %load/vec4 v0x5574ce144ab0_0;
    %parti/s 4, 68, 8;
    %store/vec4 v0x5574ce144d10_0, 0, 4;
    %load/vec4 v0x5574ce144ab0_0;
    %parti/s 4, 64, 8;
    %store/vec4 v0x5574ce144df0_0, 0, 4;
    %pushi/vec4 0, 0, 64;
    %store/vec4 v0x5574ce144ed0_0, 0, 64;
    %pushi/vec4 1, 0, 1;
    %store/vec4 v0x5574ce144c50_0, 0, 1;
    %load/vec4 v0x5574ce0bdba0_0;
    %addi 2, 0, 64;
    %store/vec4 v0x5574ce144fb0_0, 0, 64;
    %jmp T_0.25;
T_0.24 ;
    %pushi/vec4 0, 0, 1;
    %store/vec4 v0x5574ce144c50_0, 0, 1;
T_0.25 ;
T_0.23 ;
T_0.21 ;
T_0.17 ;
T_0.13 ;
T_0.11 ;
T_0.7 ;
T_0.5 ;
T_0.3 ;
    %jmp T_0;
    .thread T_0;
    .scope S_0x5574ce144400;
T_1 ;
    %pushi/vec4 32, 0, 8;
    %ix/load 4, 0, 0;
    %flag_set/imm 4, 0;
    %store/vec4a v0x5574ce144b90, 4, 0;
    %pushi/vec4 19, 0, 8;
    %ix/load 4, 1, 0;
    %flag_set/imm 4, 0;
    %store/vec4a v0x5574ce144b90, 4, 0;
    %pushi/vec4 48, 0, 8;
    %ix/load 4, 2, 0;
    %flag_set/imm 4, 0;
    %store/vec4a v0x5574ce144b90, 4, 0;
    %pushi/vec4 2, 0, 8;
    %ix/load 4, 3, 0;
    %flag_set/imm 4, 0;
    %store/vec4a v0x5574ce144b90, 4, 0;
    %pushi/vec4 0, 0, 8;
    %ix/load 4, 4, 0;
    %flag_set/imm 4, 0;
    %store/vec4a v0x5574ce144b90, 4, 0;
    %pushi/vec4 0, 0, 8;
    %ix/load 4, 5, 0;
    %flag_set/imm 4, 0;
    %store/vec4a v0x5574ce144b90, 4, 0;
    %pushi/vec4 0, 0, 8;
    %ix/load 4, 6, 0;
    %flag_set/imm 4, 0;
    %store/vec4a v0x5574ce144b90, 4, 0;
    %pushi/vec4 0, 0, 8;
    %ix/load 4, 7, 0;
    %flag_set/imm 4, 0;
    %store/vec4a v0x5574ce144b90, 4, 0;
    %pushi/vec4 0, 0, 8;
    %ix/load 4, 8, 0;
    %flag_set/imm 4, 0;
    %store/vec4a v0x5574ce144b90, 4, 0;
    %pushi/vec4 0, 0, 8;
    %ix/load 4, 9, 0;
    %flag_set/imm 4, 0;
    %store/vec4a v0x5574ce144b90, 4, 0;
    %pushi/vec4 0, 0, 8;
    %ix/load 4, 10, 0;
    %flag_set/imm 4, 0;
    %store/vec4a v0x5574ce144b90, 4, 0;
    %pushi/vec4 16, 0, 8;
    %ix/load 4, 11, 0;
    %flag_set/imm 4, 0;
    %store/vec4a v0x5574ce144b90, 4, 0;
    %pushi/vec4 64, 0, 8;
    %ix/load 4, 12, 0;
    %flag_set/imm 4, 0;
    %store/vec4a v0x5574ce144b90, 4, 0;
    %pushi/vec4 82, 0, 8;
    %ix/load 4, 13, 0;
    %flag_set/imm 4, 0;
    %store/vec4a v0x5574ce144b90, 4, 0;
    %pushi/vec4 0, 0, 8;
    %ix/load 4, 14, 0;
    %flag_set/imm 4, 0;
    %store/vec4a v0x5574ce144b90, 4, 0;
    %pushi/vec4 0, 0, 8;
    %ix/load 4, 15, 0;
    %flag_set/imm 4, 0;
    %store/vec4a v0x5574ce144b90, 4, 0;
    %pushi/vec4 0, 0, 8;
    %ix/load 4, 16, 0;
    %flag_set/imm 4, 0;
    %store/vec4a v0x5574ce144b90, 4, 0;
    %pushi/vec4 0, 0, 8;
    %ix/load 4, 17, 0;
    %flag_set/imm 4, 0;
    %store/vec4a v0x5574ce144b90, 4, 0;
    %pushi/vec4 0, 0, 8;
    %ix/load 4, 18, 0;
    %flag_set/imm 4, 0;
    %store/vec4a v0x5574ce144b90, 4, 0;
    %pushi/vec4 0, 0, 8;
    %ix/load 4, 19, 0;
    %flag_set/imm 4, 0;
    %store/vec4a v0x5574ce144b90, 4, 0;
    %pushi/vec4 0, 0, 8;
    %ix/load 4, 20, 0;
    %flag_set/imm 4, 0;
    %store/vec4a v0x5574ce144b90, 4, 0;
    %pushi/vec4 1, 0, 8;
    %ix/load 4, 21, 0;
    %flag_set/imm 4, 0;
    %store/vec4a v0x5574ce144b90, 4, 0;
    %pushi/vec4 80, 0, 8;
    %ix/load 4, 22, 0;
    %flag_set/imm 4, 0;
    %store/vec4a v0x5574ce144b90, 4, 0;
    %pushi/vec4 114, 0, 8;
    %ix/load 4, 23, 0;
    %flag_set/imm 4, 0;
    %store/vec4a v0x5574ce144b90, 4, 0;
    %pushi/vec4 0, 0, 8;
    %ix/load 4, 24, 0;
    %flag_set/imm 4, 0;
    %store/vec4a v0x5574ce144b90, 4, 0;
    %pushi/vec4 0, 0, 8;
    %ix/load 4, 25, 0;
    %flag_set/imm 4, 0;
    %store/vec4a v0x5574ce144b90, 4, 0;
    %pushi/vec4 0, 0, 8;
    %ix/load 4, 26, 0;
    %flag_set/imm 4, 0;
    %store/vec4a v0x5574ce144b90, 4, 0;
    %pushi/vec4 0, 0, 8;
    %ix/load 4, 27, 0;
    %flag_set/imm 4, 0;
    %store/vec4a v0x5574ce144b90, 4, 0;
    %pushi/vec4 0, 0, 8;
    %ix/load 4, 28, 0;
    %flag_set/imm 4, 0;
    %store/vec4a v0x5574ce144b90, 4, 0;
    %pushi/vec4 0, 0, 8;
    %ix/load 4, 29, 0;
    %flag_set/imm 4, 0;
    %store/vec4a v0x5574ce144b90, 4, 0;
    %pushi/vec4 0, 0, 8;
    %ix/load 4, 30, 0;
    %flag_set/imm 4, 0;
    %store/vec4a v0x5574ce144b90, 4, 0;
    %pushi/vec4 1, 0, 8;
    %ix/load 4, 31, 0;
    %flag_set/imm 4, 0;
    %store/vec4a v0x5574ce144b90, 4, 0;
    %pushi/vec4 0, 0, 8;
    %ix/load 4, 32, 0;
    %flag_set/imm 4, 0;
    %store/vec4a v0x5574ce144b90, 4, 0;
    %pushi/vec4 96, 0, 8;
    %ix/load 4, 33, 0;
    %flag_set/imm 4, 0;
    %store/vec4a v0x5574ce144b90, 4, 0;
    %pushi/vec4 35, 0, 8;
    %ix/load 4, 34, 0;
    %flag_set/imm 4, 0;
    %store/vec4a v0x5574ce144b90, 4, 0;
    %pushi/vec4 97, 0, 8;
    %ix/load 4, 35, 0;
    %flag_set/imm 4, 0;
    %store/vec4a v0x5574ce144b90, 4, 0;
    %pushi/vec4 35, 0, 8;
    %ix/load 4, 36, 0;
    %flag_set/imm 4, 0;
    %store/vec4a v0x5574ce144b90, 4, 0;
    %pushi/vec4 98, 0, 8;
    %ix/load 4, 37, 0;
    %flag_set/imm 4, 0;
    %store/vec4a v0x5574ce144b90, 4, 0;
    %pushi/vec4 35, 0, 8;
    %ix/load 4, 38, 0;
    %flag_set/imm 4, 0;
    %store/vec4a v0x5574ce144b90, 4, 0;
    %pushi/vec4 99, 0, 8;
    %ix/load 4, 39, 0;
    %flag_set/imm 4, 0;
    %store/vec4a v0x5574ce144b90, 4, 0;
    %pushi/vec4 35, 0, 8;
    %ix/load 4, 40, 0;
    %flag_set/imm 4, 0;
    %store/vec4a v0x5574ce144b90, 4, 0;
    %pushi/vec4 32, 0, 8;
    %ix/load 4, 41, 0;
    %flag_set/imm 4, 0;
    %store/vec4a v0x5574ce144b90, 4, 0;
    %pushi/vec4 4, 0, 8;
    %ix/load 4, 42, 0;
    %flag_set/imm 4, 0;
    %store/vec4a v0x5574ce144b90, 4, 0;
    %pushi/vec4 16, 0, 8;
    %ix/load 4, 43, 0;
    %flag_set/imm 4, 0;
    %store/vec4a v0x5574ce144b90, 4, 0;
    %pushi/vec4 16, 0, 8;
    %ix/load 4, 44, 0;
    %flag_set/imm 4, 0;
    %store/vec4a v0x5574ce144b90, 4, 0;
    %pushi/vec4 16, 0, 8;
    %ix/load 4, 45, 0;
    %flag_set/imm 4, 0;
    %store/vec4a v0x5574ce144b90, 4, 0;
    %pushi/vec4 16, 0, 8;
    %ix/load 4, 46, 0;
    %flag_set/imm 4, 0;
    %store/vec4a v0x5574ce144b90, 4, 0;
    %pushi/vec4 16, 0, 8;
    %ix/load 4, 47, 0;
    %flag_set/imm 4, 0;
    %store/vec4a v0x5574ce144b90, 4, 0;
    %pushi/vec4 16, 0, 8;
    %ix/load 4, 48, 0;
    %flag_set/imm 4, 0;
    %store/vec4a v0x5574ce144b90, 4, 0;
    %pushi/vec4 0, 0, 8;
    %ix/load 4, 49, 0;
    %flag_set/imm 4, 0;
    %store/vec4a v0x5574ce144b90, 4, 0;
    %pushi/vec4 16, 0, 8;
    %ix/load 4, 50, 0;
    %flag_set/imm 4, 0;
    %store/vec4a v0x5574ce144b90, 4, 0;
    %pushi/vec4 0, 0, 8;
    %ix/load 4, 51, 0;
    %flag_set/imm 4, 0;
    %store/vec4a v0x5574ce144b90, 4, 0;
    %pushi/vec4 37, 0, 8;
    %ix/load 4, 52, 0;
    %flag_set/imm 4, 0;
    %store/vec4a v0x5574ce144b90, 4, 0;
    %pushi/vec4 4, 0, 8;
    %ix/load 4, 53, 0;
    %flag_set/imm 4, 0;
    %store/vec4a v0x5574ce144b90, 4, 0;
    %pushi/vec4 112, 0, 8;
    %ix/load 4, 54, 0;
    %flag_set/imm 4, 0;
    %store/vec4a v0x5574ce144b90, 4, 0;
    %pushi/vec4 0, 0, 8;
    %ix/load 4, 55, 0;
    %flag_set/imm 4, 0;
    %store/vec4a v0x5574ce144b90, 4, 0;
    %pushi/vec4 0, 0, 8;
    %ix/load 4, 56, 0;
    %flag_set/imm 4, 0;
    %store/vec4a v0x5574ce144b90, 4, 0;
    %pushi/vec4 0, 0, 8;
    %ix/load 4, 57, 0;
    %flag_set/imm 4, 0;
    %store/vec4a v0x5574ce144b90, 4, 0;
    %pushi/vec4 0, 0, 8;
    %ix/load 4, 58, 0;
    %flag_set/imm 4, 0;
    %store/vec4a v0x5574ce144b90, 4, 0;
    %pushi/vec4 0, 0, 8;
    %ix/load 4, 59, 0;
    %flag_set/imm 4, 0;
    %store/vec4a v0x5574ce144b90, 4, 0;
    %pushi/vec4 0, 0, 8;
    %ix/load 4, 60, 0;
    %flag_set/imm 4, 0;
    %store/vec4a v0x5574ce144b90, 4, 0;
    %pushi/vec4 0, 0, 8;
    %ix/load 4, 61, 0;
    %flag_set/imm 4, 0;
    %store/vec4a v0x5574ce144b90, 4, 0;
    %pushi/vec4 32, 0, 8;
    %ix/load 4, 62, 0;
    %flag_set/imm 4, 0;
    %store/vec4a v0x5574ce144b90, 4, 0;
    %pushi/vec4 16, 0, 8;
    %ix/load 4, 63, 0;
    %flag_set/imm 4, 0;
    %store/vec4a v0x5574ce144b90, 4, 0;
    %pushi/vec4 128, 0, 8;
    %ix/load 4, 64, 0;
    %flag_set/imm 4, 0;
    %store/vec4a v0x5574ce144b90, 4, 0;
    %pushi/vec4 0, 0, 8;
    %ix/load 4, 65, 0;
    %flag_set/imm 4, 0;
    %store/vec4a v0x5574ce144b90, 4, 0;
    %pushi/vec4 0, 0, 8;
    %ix/load 4, 66, 0;
    %flag_set/imm 4, 0;
    %store/vec4a v0x5574ce144b90, 4, 0;
    %pushi/vec4 0, 0, 8;
    %ix/load 4, 67, 0;
    %flag_set/imm 4, 0;
    %store/vec4a v0x5574ce144b90, 4, 0;
    %pushi/vec4 0, 0, 8;
    %ix/load 4, 68, 0;
    %flag_set/imm 4, 0;
    %store/vec4a v0x5574ce144b90, 4, 0;
    %pushi/vec4 0, 0, 8;
    %ix/load 4, 69, 0;
    %flag_set/imm 4, 0;
    %store/vec4a v0x5574ce144b90, 4, 0;
    %pushi/vec4 0, 0, 8;
    %ix/load 4, 70, 0;
    %flag_set/imm 4, 0;
    %store/vec4a v0x5574ce144b90, 4, 0;
    %pushi/vec4 0, 0, 8;
    %ix/load 4, 71, 0;
    %flag_set/imm 4, 0;
    %store/vec4a v0x5574ce144b90, 4, 0;
    %pushi/vec4 1, 0, 8;
    %ix/load 4, 72, 0;
    %flag_set/imm 4, 0;
    %store/vec4a v0x5574ce144b90, 4, 0;
    %pushi/vec4 144, 0, 8;
    %ix/load 4, 73, 0;
    %flag_set/imm 4, 0;
    %store/vec4a v0x5574ce144b90, 4, 0;
    %pushi/vec4 0, 0, 8;
    %ix/load 4, 74, 0;
    %flag_set/imm 4, 0;
    %store/vec4a v0x5574ce144b90, 4, 0;
    %pushi/vec4 160, 0, 8;
    %ix/load 4, 75, 0;
    %flag_set/imm 4, 0;
    %store/vec4a v0x5574ce144b90, 4, 0;
    %pushi/vec4 0, 0, 8;
    %ix/load 4, 76, 0;
    %flag_set/imm 4, 0;
    %store/vec4a v0x5574ce144b90, 4, 0;
    %pushi/vec4 176, 0, 8;
    %ix/load 4, 77, 0;
    %flag_set/imm 4, 0;
    %store/vec4a v0x5574ce144b90, 4, 0;
    %pushi/vec4 0, 0, 8;
    %ix/load 4, 78, 0;
    %flag_set/imm 4, 0;
    %store/vec4a v0x5574ce144b90, 4, 0;
    %pushi/vec4 16, 0, 8;
    %ix/load 4, 79, 0;
    %flag_set/imm 4, 0;
    %store/vec4a v0x5574ce144b90, 4, 0;
    %pushi/vec4 0, 0, 8;
    %ix/load 4, 80, 0;
    %flag_set/imm 4, 0;
    %store/vec4a v0x5574ce144b90, 4, 0;
    %end;
    .thread T_1;
    .scope S_0x5574ce1164f0;
T_2 ;
    %vpi_call 2 17 "$dumpfile", "fetch.vcd" {0 0 0};
    %vpi_call 2 18 "$dumpvars", 32'sb00000000000000000000000000000000, S_0x5574ce144400 {0 0 0};
    %vpi_call 2 19 "$monitor", "time = %0t , icode = %b , ifun = %b , rA = %b , rB = %b , valC = %d , valP = %d, imem_error = %b, instruction_valid = %b, halt = %b", $time, v0x5574ce145500_0, v0x5574ce1455d0_0, v0x5574ce145810_0, v0x5574ce1458e0_0, v0x5574ce145a40_0, v0x5574ce145b10_0, v0x5574ce145670_0, v0x5574ce145740_0, v0x5574ce145400_0 {0 0 0};
    %pushi/vec4 0, 0, 1;
    %store/vec4 v0x5574ce145330_0, 0, 1;
    %pushi/vec4 0, 0, 64;
    %store/vec4 v0x5574ce145250_0, 0, 64;
    %fork t_1, S_0x5574ce116680;
    %jmp t_0;
    .scope S_0x5574ce116680;
t_1 ;
    %pushi/vec4 0, 0, 32;
    %store/vec4 v0x5574ce0bd7b0_0, 0, 32;
T_2.0 ;
    %load/vec4 v0x5574ce0bd7b0_0;
    %cmpi/s 57, 0, 32;
    %jmp/0xz T_2.1, 5;
    %delay 5, 0;
    %load/vec4 v0x5574ce145330_0;
    %inv;
    %store/vec4 v0x5574ce145330_0, 0, 1;
    %delay 5, 0;
    %load/vec4 v0x5574ce145b10_0;
    %store/vec4 v0x5574ce145250_0, 0, 64;
    %load/vec4 v0x5574ce0bd7b0_0;
    %addi 1, 0, 32;
    %store/vec4 v0x5574ce0bd7b0_0, 0, 32;
    %jmp T_2.0;
T_2.1 ;
    %end;
    .scope S_0x5574ce1164f0;
t_0 %join;
    %vpi_call 2 28 "$finish" {0 0 0};
    %end;
    .thread T_2;
# The file index is used to find the file name in the following table.
:file_names 4;
    "N/A";
    "<interactive>";
    "tb_fetch.v";
    "fetch.v";
